ARM GAS  C:\Users\karam\AppData\Local\Temp\ccAtBz8c.s 			page 1


   1              		.syntax unified
   2              		.cpu cortex-m3
   3              		.fpu softvfp
   4              		.eabi_attribute 20, 1
   5              		.eabi_attribute 21, 1
   6              		.eabi_attribute 23, 3
   7              		.eabi_attribute 24, 1
   8              		.eabi_attribute 25, 1
   9              		.eabi_attribute 26, 1
  10              		.eabi_attribute 30, 1
  11              		.eabi_attribute 34, 1
  12              		.eabi_attribute 18, 4
  13              		.thumb
  14              		.syntax unified
  15              		.file	"cymetadata.c"
  16              		.text
  17              	.Ltext0:
  18              		.cfi_sections	.debug_frame
  19              		.global	cy_metadata
  20              		.global	cy_meta_flashprotect
  21              		.global	cy_meta_wonvl
  22              		.global	cy_meta_custnvl
  23              		.global	cy_meta_configecc
  24              		.section	.cyconfigecc,"a",%progbits
  25              		.align	2
  26              		.type	cy_meta_configecc, %object
  27              		.size	cy_meta_configecc, 1404
  28              	cy_meta_configecc:
  29 0000 02       		.byte	2
  30 0001 4F       		.byte	79
  31 0002 00       		.byte	0
  32 0003 40       		.byte	64
  33 0004 03       		.byte	3
  34 0005 52       		.byte	82
  35 0006 00       		.byte	0
  36 0007 40       		.byte	64
  37 0008 01       		.byte	1
  38 0009 64       		.byte	100
  39 000a 00       		.byte	0
  40 000b 40       		.byte	64
  41 000c 03       		.byte	3
  42 000d 65       		.byte	101
  43 000e 00       		.byte	0
  44 000f 40       		.byte	64
  45 0010 04       		.byte	4
  46 0011 02       		.byte	2
  47 0012 01       		.byte	1
  48 0013 40       		.byte	64
  49 0014 02       		.byte	2
  50 0015 03       		.byte	3
  51 0016 01       		.byte	1
  52 0017 40       		.byte	64
  53 0018 03       		.byte	3
  54 0019 05       		.byte	5
  55 001a 01       		.byte	1
  56 001b 40       		.byte	64
  57 001c 43       		.byte	67
ARM GAS  C:\Users\karam\AppData\Local\Temp\ccAtBz8c.s 			page 2


  58 001d 08       		.byte	8
  59 001e 01       		.byte	1
  60 001f 40       		.byte	64
  61 0020 31       		.byte	49
  62 0021 09       		.byte	9
  63 0022 01       		.byte	1
  64 0023 40       		.byte	64
  65 0024 02       		.byte	2
  66 0025 0B       		.byte	11
  67 0026 01       		.byte	1
  68 0027 40       		.byte	64
  69 0028 04       		.byte	4
  70 0029 15       		.byte	21
  71 002a 01       		.byte	1
  72 002b 40       		.byte	64
  73 002c 50       		.byte	80
  74 002d 16       		.byte	22
  75 002e 01       		.byte	1
  76 002f 40       		.byte	64
  77 0030 2B       		.byte	43
  78 0031 17       		.byte	23
  79 0032 01       		.byte	1
  80 0033 40       		.byte	64
  81 0034 4F       		.byte	79
  82 0035 18       		.byte	24
  83 0036 01       		.byte	1
  84 0037 40       		.byte	64
  85 0038 39       		.byte	57
  86 0039 19       		.byte	25
  87 003a 01       		.byte	1
  88 003b 40       		.byte	64
  89 003c 5F       		.byte	95
  90 003d 1A       		.byte	26
  91 003e 01       		.byte	1
  92 003f 40       		.byte	64
  93 0040 45       		.byte	69
  94 0041 1B       		.byte	27
  95 0042 01       		.byte	1
  96 0043 40       		.byte	64
  97 0044 02       		.byte	2
  98 0045 40       		.byte	64
  99 0046 01       		.byte	1
 100 0047 40       		.byte	64
 101 0048 01       		.byte	1
 102 0049 41       		.byte	65
 103 004a 01       		.byte	1
 104 004b 40       		.byte	64
 105 004c 08       		.byte	8
 106 004d 42       		.byte	66
 107 004e 01       		.byte	1
 108 004f 40       		.byte	64
 109 0050 02       		.byte	2
 110 0051 43       		.byte	67
 111 0052 01       		.byte	1
 112 0053 40       		.byte	64
 113 0054 02       		.byte	2
 114 0055 44       		.byte	68
ARM GAS  C:\Users\karam\AppData\Local\Temp\ccAtBz8c.s 			page 3


 115 0056 01       		.byte	1
 116 0057 40       		.byte	64
 117 0058 01       		.byte	1
 118 0059 45       		.byte	69
 119 005a 01       		.byte	1
 120 005b 40       		.byte	64
 121 005c 05       		.byte	5
 122 005d 46       		.byte	70
 123 005e 01       		.byte	1
 124 005f 40       		.byte	64
 125 0060 09       		.byte	9
 126 0061 48       		.byte	72
 127 0062 01       		.byte	1
 128 0063 40       		.byte	64
 129 0064 05       		.byte	5
 130 0065 49       		.byte	73
 131 0066 01       		.byte	1
 132 0067 40       		.byte	64
 133 0068 04       		.byte	4
 134 0069 4C       		.byte	76
 135 006a 01       		.byte	1
 136 006b 40       		.byte	64
 137 006c 04       		.byte	4
 138 006d 4D       		.byte	77
 139 006e 01       		.byte	1
 140 006f 40       		.byte	64
 141 0070 05       		.byte	5
 142 0071 50       		.byte	80
 143 0072 01       		.byte	1
 144 0073 40       		.byte	64
 145 0074 01       		.byte	1
 146 0075 51       		.byte	81
 147 0076 01       		.byte	1
 148 0077 40       		.byte	64
 149 0078 01       		.byte	1
 150 0079 80       		.byte	-128
 151 007a 0A       		.byte	10
 152 007b 4B       		.byte	75
 153 007c 09       		.byte	9
 154 007d 04       		.byte	4
 155 007e 0C       		.byte	12
 156 007f 20       		.byte	32
 157 0080 79       		.byte	121
 158 0081 02       		.byte	2
 159 0082 89       		.byte	-119
 160 0083 72       		.byte	114
 161 0084 87       		.byte	-121
 162 0085 0F       		.byte	15
 163 0086 88       		.byte	-120
 164 0087 0F       		.byte	15
 165 0088 8A       		.byte	-118
 166 0089 38       		.byte	56
 167 008a B9       		.byte	-71
 168 008b 80       		.byte	-128
 169 008c BF       		.byte	-65
 170 008d 40       		.byte	64
 171 008e D9       		.byte	-39
ARM GAS  C:\Users\karam\AppData\Local\Temp\ccAtBz8c.s 			page 4


 172 008f 04       		.byte	4
 173 0090 DF       		.byte	-33
 174 0091 01       		.byte	1
 175 0092 20       		.byte	32
 176 0093 02       		.byte	2
 177 0094 21       		.byte	33
 178 0095 80       		.byte	-128
 179 0096 A9       		.byte	-87
 180 0097 80       		.byte	-128
 181 0098 B0       		.byte	-80
 182 0099 01       		.byte	1
 183 009a E0       		.byte	-32
 184 009b 02       		.byte	2
 185 009c 00       		.byte	0
 186 009d 06       		.byte	6
 187 009e 01       		.byte	1
 188 009f 04       		.byte	4
 189 00a0 02       		.byte	2
 190 00a1 01       		.byte	1
 191 00a2 04       		.byte	4
 192 00a3 01       		.byte	1
 193 00a4 05       		.byte	5
 194 00a5 02       		.byte	2
 195 00a6 06       		.byte	6
 196 00a7 06       		.byte	6
 197 00a8 0C       		.byte	12
 198 00a9 07       		.byte	7
 199 00aa 0F       		.byte	15
 200 00ab 01       		.byte	1
 201 00ac 10       		.byte	16
 202 00ad 06       		.byte	6
 203 00ae 11       		.byte	17
 204 00af 07       		.byte	7
 205 00b0 12       		.byte	18
 206 00b1 01       		.byte	1
 207 00b2 19       		.byte	25
 208 00b3 06       		.byte	6
 209 00b4 1D       		.byte	29
 210 00b5 06       		.byte	6
 211 00b6 1F       		.byte	31
 212 00b7 01       		.byte	1
 213 00b8 21       		.byte	33
 214 00b9 07       		.byte	7
 215 00ba 22       		.byte	34
 216 00bb 01       		.byte	1
 217 00bc 24       		.byte	36
 218 00bd 02       		.byte	2
 219 00be 25       		.byte	37
 220 00bf 01       		.byte	1
 221 00c0 27       		.byte	39
 222 00c1 06       		.byte	6
 223 00c2 28       		.byte	40
 224 00c3 06       		.byte	6
 225 00c4 2C       		.byte	44
 226 00c5 04       		.byte	4
 227 00c6 30       		.byte	48
 228 00c7 07       		.byte	7
ARM GAS  C:\Users\karam\AppData\Local\Temp\ccAtBz8c.s 			page 5


 229 00c8 31       		.byte	49
 230 00c9 07       		.byte	7
 231 00ca 3A       		.byte	58
 232 00cb 02       		.byte	2
 233 00cc 58       		.byte	88
 234 00cd 04       		.byte	4
 235 00ce 59       		.byte	89
 236 00cf 04       		.byte	4
 237 00d0 5C       		.byte	92
 238 00d1 11       		.byte	17
 239 00d2 5F       		.byte	95
 240 00d3 01       		.byte	1
 241 00d4 80       		.byte	-128
 242 00d5 CC       		.byte	-52
 243 00d6 82       		.byte	-126
 244 00d7 23       		.byte	35
 245 00d8 84       		.byte	-124
 246 00d9 F3       		.byte	-13
 247 00da 85       		.byte	-123
 248 00db 0F       		.byte	15
 249 00dc 86       		.byte	-122
 250 00dd 0C       		.byte	12
 251 00de 88       		.byte	-120
 252 00df 03       		.byte	3
 253 00e0 89       		.byte	-119
 254 00e1 0F       		.byte	15
 255 00e2 8C       		.byte	-116
 256 00e3 FF       		.byte	-1
 257 00e4 8D       		.byte	-115
 258 00e5 04       		.byte	4
 259 00e6 8F       		.byte	-113
 260 00e7 02       		.byte	2
 261 00e8 90       		.byte	-112
 262 00e9 41       		.byte	65
 263 00ea 94       		.byte	-108
 264 00eb 02       		.byte	2
 265 00ec 95       		.byte	-107
 266 00ed 02       		.byte	2
 267 00ee 97       		.byte	-105
 268 00ef 0C       		.byte	12
 269 00f0 98       		.byte	-104
 270 00f1 0C       		.byte	12
 271 00f2 99       		.byte	-103
 272 00f3 08       		.byte	8
 273 00f4 9B       		.byte	-101
 274 00f5 02       		.byte	2
 275 00f6 9C       		.byte	-100
 276 00f7 CF       		.byte	-49
 277 00f8 9D       		.byte	-99
 278 00f9 01       		.byte	1
 279 00fa 9E       		.byte	-98
 280 00fb 10       		.byte	16
 281 00fc A0       		.byte	-96
 282 00fd 08       		.byte	8
 283 00fe A4       		.byte	-92
 284 00ff 04       		.byte	4
 285 0100 AA       		.byte	-86
ARM GAS  C:\Users\karam\AppData\Local\Temp\ccAtBz8c.s 			page 6


 286 0101 40       		.byte	64
 287 0102 AE       		.byte	-82
 288 0103 33       		.byte	51
 289 0104 B0       		.byte	-80
 290 0105 80       		.byte	-128
 291 0106 B1       		.byte	-79
 292 0107 01       		.byte	1
 293 0108 B3       		.byte	-77
 294 0109 0E       		.byte	14
 295 010a B4       		.byte	-76
 296 010b 0F       		.byte	15
 297 010c B6       		.byte	-74
 298 010d 7C       		.byte	124
 299 010e BA       		.byte	-70
 300 010f A0       		.byte	-96
 301 0110 BE       		.byte	-66
 302 0111 01       		.byte	1
 303 0112 D6       		.byte	-42
 304 0113 02       		.byte	2
 305 0114 D7       		.byte	-41
 306 0115 13       		.byte	19
 307 0116 D8       		.byte	-40
 308 0117 04       		.byte	4
 309 0118 D9       		.byte	-39
 310 0119 04       		.byte	4
 311 011a DB       		.byte	-37
 312 011b 04       		.byte	4
 313 011c DC       		.byte	-36
 314 011d 11       		.byte	17
 315 011e DD       		.byte	-35
 316 011f 10       		.byte	16
 317 0120 DF       		.byte	-33
 318 0121 01       		.byte	1
 319 0122 00       		.byte	0
 320 0123 24       		.byte	36
 321 0124 02       		.byte	2
 322 0125 03       		.byte	3
 323 0126 03       		.byte	3
 324 0127 80       		.byte	-128
 325 0128 04       		.byte	4
 326 0129 06       		.byte	6
 327 012a 06       		.byte	6
 328 012b 01       		.byte	1
 329 012c 08       		.byte	8
 330 012d 10       		.byte	16
 331 012e 0A       		.byte	10
 332 012f 20       		.byte	32
 333 0130 0B       		.byte	11
 334 0131 82       		.byte	-126
 335 0132 0E       		.byte	14
 336 0133 80       		.byte	-128
 337 0134 10       		.byte	16
 338 0135 A0       		.byte	-96
 339 0136 12       		.byte	18
 340 0137 08       		.byte	8
 341 0138 13       		.byte	19
 342 0139 40       		.byte	64
ARM GAS  C:\Users\karam\AppData\Local\Temp\ccAtBz8c.s 			page 7


 343 013a 15       		.byte	21
 344 013b 02       		.byte	2
 345 013c 16       		.byte	22
 346 013d 02       		.byte	2
 347 013e 17       		.byte	23
 348 013f 28       		.byte	40
 349 0140 18       		.byte	24
 350 0141 06       		.byte	6
 351 0142 19       		.byte	25
 352 0143 01       		.byte	1
 353 0144 1B       		.byte	27
 354 0145 A0       		.byte	-96
 355 0146 1E       		.byte	30
 356 0147 80       		.byte	-128
 357 0148 1F       		.byte	31
 358 0149 01       		.byte	1
 359 014a 20       		.byte	32
 360 014b 20       		.byte	32
 361 014c 21       		.byte	33
 362 014d 01       		.byte	1
 363 014e 22       		.byte	34
 364 014f 04       		.byte	4
 365 0150 23       		.byte	35
 366 0151 40       		.byte	64
 367 0152 27       		.byte	39
 368 0153 80       		.byte	-128
 369 0154 2F       		.byte	47
 370 0155 A0       		.byte	-96
 371 0156 32       		.byte	50
 372 0157 54       		.byte	84
 373 0158 34       		.byte	52
 374 0159 10       		.byte	16
 375 015a 36       		.byte	54
 376 015b 42       		.byte	66
 377 015c 37       		.byte	55
 378 015d 20       		.byte	32
 379 015e 39       		.byte	57
 380 015f 14       		.byte	20
 381 0160 3B       		.byte	59
 382 0161 80       		.byte	-128
 383 0162 3E       		.byte	62
 384 0163 02       		.byte	2
 385 0164 3F       		.byte	63
 386 0165 44       		.byte	68
 387 0166 59       		.byte	89
 388 0167 01       		.byte	1
 389 0168 69       		.byte	105
 390 0169 14       		.byte	20
 391 016a 6A       		.byte	106
 392 016b 80       		.byte	-128
 393 016c 70       		.byte	112
 394 016d A0       		.byte	-96
 395 016e 72       		.byte	114
 396 016f 02       		.byte	2
 397 0170 73       		.byte	115
 398 0171 2C       		.byte	44
 399 0172 7D       		.byte	125
ARM GAS  C:\Users\karam\AppData\Local\Temp\ccAtBz8c.s 			page 8


 400 0173 02       		.byte	2
 401 0174 7F       		.byte	127
 402 0175 80       		.byte	-128
 403 0176 C0       		.byte	-64
 404 0177 BF       		.byte	-65
 405 0178 C2       		.byte	-62
 406 0179 1F       		.byte	31
 407 017a C4       		.byte	-60
 408 017b FF       		.byte	-1
 409 017c CA       		.byte	-54
 410 017d C0       		.byte	-64
 411 017e CC       		.byte	-52
 412 017f BE       		.byte	-66
 413 0180 CE       		.byte	-50
 414 0181 DE       		.byte	-34
 415 0182 D6       		.byte	-42
 416 0183 01       		.byte	1
 417 0184 E0       		.byte	-32
 418 0185 02       		.byte	2
 419 0186 E8       		.byte	-24
 420 0187 80       		.byte	-128
 421 0188 AB       		.byte	-85
 422 0189 0A       		.byte	10
 423 018a B6       		.byte	-74
 424 018b 04       		.byte	4
 425 018c E6       		.byte	-26
 426 018d 02       		.byte	2
 427 018e EE       		.byte	-18
 428 018f 01       		.byte	1
 429 0190 02       		.byte	2
 430 0191 01       		.byte	1
 431 0192 0B       		.byte	11
 432 0193 02       		.byte	2
 433 0194 11       		.byte	17
 434 0195 01       		.byte	1
 435 0196 16       		.byte	22
 436 0197 02       		.byte	2
 437 0198 1A       		.byte	26
 438 0199 02       		.byte	2
 439 019a 23       		.byte	35
 440 019b 02       		.byte	2
 441 019c 30       		.byte	48
 442 019d 02       		.byte	2
 443 019e 32       		.byte	50
 444 019f 01       		.byte	1
 445 01a0 33       		.byte	51
 446 01a1 02       		.byte	2
 447 01a2 35       		.byte	53
 448 01a3 01       		.byte	1
 449 01a4 3F       		.byte	63
 450 01a5 10       		.byte	16
 451 01a6 40       		.byte	64
 452 01a7 30       		.byte	48
 453 01a8 41       		.byte	65
 454 01a9 06       		.byte	6
 455 01aa 49       		.byte	73
 456 01ab FF       		.byte	-1
ARM GAS  C:\Users\karam\AppData\Local\Temp\ccAtBz8c.s 			page 9


 457 01ac 4A       		.byte	74
 458 01ad FF       		.byte	-1
 459 01ae 4B       		.byte	75
 460 01af FF       		.byte	-1
 461 01b0 4D       		.byte	77
 462 01b1 A0       		.byte	-96
 463 01b2 4F       		.byte	79
 464 01b3 04       		.byte	4
 465 01b4 50       		.byte	80
 466 01b5 18       		.byte	24
 467 01b6 52       		.byte	82
 468 01b7 80       		.byte	-128
 469 01b8 58       		.byte	88
 470 01b9 04       		.byte	4
 471 01ba 59       		.byte	89
 472 01bb 04       		.byte	4
 473 01bc 5A       		.byte	90
 474 01bd 04       		.byte	4
 475 01be 5B       		.byte	91
 476 01bf 04       		.byte	4
 477 01c0 5C       		.byte	92
 478 01c1 22       		.byte	34
 479 01c2 5D       		.byte	93
 480 01c3 22       		.byte	34
 481 01c4 5F       		.byte	95
 482 01c5 01       		.byte	1
 483 01c6 60       		.byte	96
 484 01c7 40       		.byte	64
 485 01c8 62       		.byte	98
 486 01c9 C0       		.byte	-64
 487 01ca 64       		.byte	100
 488 01cb 40       		.byte	64
 489 01cc 65       		.byte	101
 490 01cd 40       		.byte	64
 491 01ce 66       		.byte	102
 492 01cf C0       		.byte	-64
 493 01d0 68       		.byte	104
 494 01d1 C0       		.byte	-64
 495 01d2 6A       		.byte	106
 496 01d3 C0       		.byte	-64
 497 01d4 6C       		.byte	108
 498 01d5 C0       		.byte	-64
 499 01d6 6E       		.byte	110
 500 01d7 C0       		.byte	-64
 501 01d8 8B       		.byte	-117
 502 01d9 01       		.byte	1
 503 01da 91       		.byte	-111
 504 01db 04       		.byte	4
 505 01dc 97       		.byte	-105
 506 01dd 01       		.byte	1
 507 01de 9B       		.byte	-101
 508 01df 04       		.byte	4
 509 01e0 9E       		.byte	-98
 510 01e1 02       		.byte	2
 511 01e2 9F       		.byte	-97
 512 01e3 02       		.byte	2
 513 01e4 A6       		.byte	-90
ARM GAS  C:\Users\karam\AppData\Local\Temp\ccAtBz8c.s 			page 10


 514 01e5 01       		.byte	1
 515 01e6 A9       		.byte	-87
 516 01e7 02       		.byte	2
 517 01e8 B3       		.byte	-77
 518 01e9 01       		.byte	1
 519 01ea B4       		.byte	-76
 520 01eb 02       		.byte	2
 521 01ec B5       		.byte	-75
 522 01ed 04       		.byte	4
 523 01ee B6       		.byte	-74
 524 01ef 01       		.byte	1
 525 01f0 B7       		.byte	-73
 526 01f1 02       		.byte	2
 527 01f2 BF       		.byte	-65
 528 01f3 04       		.byte	4
 529 01f4 C0       		.byte	-64
 530 01f5 30       		.byte	48
 531 01f6 C1       		.byte	-63
 532 01f7 06       		.byte	6
 533 01f8 C5       		.byte	-59
 534 01f9 D5       		.byte	-43
 535 01fa C6       		.byte	-58
 536 01fb 01       		.byte	1
 537 01fc C7       		.byte	-57
 538 01fd 02       		.byte	2
 539 01fe C8       		.byte	-56
 540 01ff 17       		.byte	23
 541 0200 C9       		.byte	-55
 542 0201 FF       		.byte	-1
 543 0202 CA       		.byte	-54
 544 0203 FF       		.byte	-1
 545 0204 CB       		.byte	-53
 546 0205 FF       		.byte	-1
 547 0206 CD       		.byte	-51
 548 0207 AF       		.byte	-81
 549 0208 CE       		.byte	-50
 550 0209 0F       		.byte	15
 551 020a CF       		.byte	-49
 552 020b 04       		.byte	4
 553 020c D0       		.byte	-48
 554 020d 18       		.byte	24
 555 020e D4       		.byte	-44
 556 020f 07       		.byte	7
 557 0210 D8       		.byte	-40
 558 0211 04       		.byte	4
 559 0212 D9       		.byte	-39
 560 0213 04       		.byte	4
 561 0214 DA       		.byte	-38
 562 0215 04       		.byte	4
 563 0216 DB       		.byte	-37
 564 0217 04       		.byte	4
 565 0218 DC       		.byte	-36
 566 0219 22       		.byte	34
 567 021a DD       		.byte	-35
 568 021b 22       		.byte	34
 569 021c DF       		.byte	-33
 570 021d 01       		.byte	1
ARM GAS  C:\Users\karam\AppData\Local\Temp\ccAtBz8c.s 			page 11


 571 021e E0       		.byte	-32
 572 021f 40       		.byte	64
 573 0220 E2       		.byte	-30
 574 0221 C0       		.byte	-64
 575 0222 E4       		.byte	-28
 576 0223 40       		.byte	64
 577 0224 E5       		.byte	-27
 578 0225 40       		.byte	64
 579 0226 E6       		.byte	-26
 580 0227 C0       		.byte	-64
 581 0228 E8       		.byte	-24
 582 0229 C0       		.byte	-64
 583 022a EA       		.byte	-22
 584 022b C0       		.byte	-64
 585 022c EC       		.byte	-20
 586 022d C0       		.byte	-64
 587 022e EE       		.byte	-18
 588 022f C0       		.byte	-64
 589 0230 05       		.byte	5
 590 0231 02       		.byte	2
 591 0232 09       		.byte	9
 592 0233 80       		.byte	-128
 593 0234 0C       		.byte	12
 594 0235 20       		.byte	32
 595 0236 0D       		.byte	13
 596 0237 08       		.byte	8
 597 0238 10       		.byte	16
 598 0239 20       		.byte	32
 599 023a 19       		.byte	25
 600 023b 10       		.byte	16
 601 023c 1A       		.byte	26
 602 023d 02       		.byte	2
 603 023e 1C       		.byte	28
 604 023f 10       		.byte	16
 605 0240 1D       		.byte	29
 606 0241 08       		.byte	8
 607 0242 1F       		.byte	31
 608 0243 01       		.byte	1
 609 0244 22       		.byte	34
 610 0245 54       		.byte	84
 611 0246 26       		.byte	38
 612 0247 04       		.byte	4
 613 0248 27       		.byte	39
 614 0249 08       		.byte	8
 615 024a 29       		.byte	41
 616 024b 10       		.byte	16
 617 024c 2C       		.byte	44
 618 024d 80       		.byte	-128
 619 024e 30       		.byte	48
 620 024f 20       		.byte	32
 621 0250 31       		.byte	49
 622 0251 80       		.byte	-128
 623 0252 32       		.byte	50
 624 0253 09       		.byte	9
 625 0254 37       		.byte	55
 626 0255 02       		.byte	2
 627 0256 38       		.byte	56
ARM GAS  C:\Users\karam\AppData\Local\Temp\ccAtBz8c.s 			page 12


 628 0257 10       		.byte	16
 629 0258 3C       		.byte	60
 630 0259 10       		.byte	16
 631 025a 40       		.byte	64
 632 025b 10       		.byte	16
 633 025c 45       		.byte	69
 634 025d 08       		.byte	8
 635 025e 48       		.byte	72
 636 025f 20       		.byte	32
 637 0260 49       		.byte	73
 638 0261 01       		.byte	1
 639 0262 4A       		.byte	74
 640 0263 08       		.byte	8
 641 0264 4E       		.byte	78
 642 0265 08       		.byte	8
 643 0266 50       		.byte	80
 644 0267 80       		.byte	-128
 645 0268 51       		.byte	81
 646 0269 80       		.byte	-128
 647 026a 52       		.byte	82
 648 026b 08       		.byte	8
 649 026c 59       		.byte	89
 650 026d 01       		.byte	1
 651 026e 5A       		.byte	90
 652 026f A8       		.byte	-88
 653 0270 75       		.byte	117
 654 0271 02       		.byte	2
 655 0272 83       		.byte	-125
 656 0273 01       		.byte	1
 657 0274 C0       		.byte	-64
 658 0275 10       		.byte	16
 659 0276 C2       		.byte	-62
 660 0277 61       		.byte	97
 661 0278 C4       		.byte	-60
 662 0279 04       		.byte	4
 663 027a CA       		.byte	-54
 664 027b 84       		.byte	-124
 665 027c CC       		.byte	-52
 666 027d 8F       		.byte	-113
 667 027e CE       		.byte	-50
 668 027f 24       		.byte	36
 669 0280 D0       		.byte	-48
 670 0281 42       		.byte	66
 671 0282 D2       		.byte	-46
 672 0283 24       		.byte	36
 673 0284 D6       		.byte	-42
 674 0285 0F       		.byte	15
 675 0286 06       		.byte	6
 676 0287 01       		.byte	1
 677 0288 0C       		.byte	12
 678 0289 01       		.byte	1
 679 028a 14       		.byte	20
 680 028b 01       		.byte	1
 681 028c 1A       		.byte	26
 682 028d 01       		.byte	1
 683 028e 2A       		.byte	42
 684 028f 01       		.byte	1
ARM GAS  C:\Users\karam\AppData\Local\Temp\ccAtBz8c.s 			page 13


 685 0290 2C       		.byte	44
 686 0291 02       		.byte	2
 687 0292 30       		.byte	48
 688 0293 01       		.byte	1
 689 0294 34       		.byte	52
 690 0295 02       		.byte	2
 691 0296 3B       		.byte	59
 692 0297 02       		.byte	2
 693 0298 3E       		.byte	62
 694 0299 11       		.byte	17
 695 029a 54       		.byte	84
 696 029b 01       		.byte	1
 697 029c 58       		.byte	88
 698 029d 04       		.byte	4
 699 029e 59       		.byte	89
 700 029f 04       		.byte	4
 701 02a0 5B       		.byte	91
 702 02a1 04       		.byte	4
 703 02a2 5C       		.byte	92
 704 02a3 10       		.byte	16
 705 02a4 5D       		.byte	93
 706 02a5 10       		.byte	16
 707 02a6 5F       		.byte	95
 708 02a7 01       		.byte	1
 709 02a8 80       		.byte	-128
 710 02a9 01       		.byte	1
 711 02aa 84       		.byte	-124
 712 02ab 04       		.byte	4
 713 02ac 85       		.byte	-123
 714 02ad 60       		.byte	96
 715 02ae 89       		.byte	-119
 716 02af 60       		.byte	96
 717 02b0 8C       		.byte	-116
 718 02b1 06       		.byte	6
 719 02b2 8F       		.byte	-113
 720 02b3 0C       		.byte	12
 721 02b4 92       		.byte	-110
 722 02b5 01       		.byte	1
 723 02b6 93       		.byte	-109
 724 02b7 0C       		.byte	12
 725 02b8 94       		.byte	-108
 726 02b9 06       		.byte	6
 727 02ba 95       		.byte	-107
 728 02bb 0C       		.byte	12
 729 02bc 97       		.byte	-105
 730 02bd 01       		.byte	1
 731 02be 98       		.byte	-104
 732 02bf 01       		.byte	1
 733 02c0 99       		.byte	-103
 734 02c1 48       		.byte	72
 735 02c2 9B       		.byte	-101
 736 02c3 22       		.byte	34
 737 02c4 9D       		.byte	-99
 738 02c5 0C       		.byte	12
 739 02c6 9E       		.byte	-98
 740 02c7 01       		.byte	1
 741 02c8 A2       		.byte	-94
ARM GAS  C:\Users\karam\AppData\Local\Temp\ccAtBz8c.s 			page 14


 742 02c9 08       		.byte	8
 743 02ca A3       		.byte	-93
 744 02cb 0C       		.byte	12
 745 02cc A6       		.byte	-90
 746 02cd 02       		.byte	2
 747 02ce A9       		.byte	-87
 748 02cf 0C       		.byte	12
 749 02d0 AD       		.byte	-83
 750 02d1 24       		.byte	36
 751 02d2 AE       		.byte	-82
 752 02d3 08       		.byte	8
 753 02d4 AF       		.byte	-81
 754 02d5 52       		.byte	82
 755 02d6 B0       		.byte	-80
 756 02d7 08       		.byte	8
 757 02d8 B1       		.byte	-79
 758 02d9 0C       		.byte	12
 759 02da B3       		.byte	-77
 760 02db 10       		.byte	16
 761 02dc B4       		.byte	-76
 762 02dd 06       		.byte	6
 763 02de B5       		.byte	-75
 764 02df 60       		.byte	96
 765 02e0 B6       		.byte	-74
 766 02e1 01       		.byte	1
 767 02e2 B7       		.byte	-73
 768 02e3 03       		.byte	3
 769 02e4 B8       		.byte	-72
 770 02e5 A0       		.byte	-96
 771 02e6 BE       		.byte	-66
 772 02e7 11       		.byte	17
 773 02e8 BF       		.byte	-65
 774 02e9 40       		.byte	64
 775 02ea C0       		.byte	-64
 776 02eb 24       		.byte	36
 777 02ec C1       		.byte	-63
 778 02ed 05       		.byte	5
 779 02ee C2       		.byte	-62
 780 02ef 03       		.byte	3
 781 02f0 C4       		.byte	-60
 782 02f1 01       		.byte	1
 783 02f2 C6       		.byte	-58
 784 02f3 0C       		.byte	12
 785 02f4 C7       		.byte	-57
 786 02f5 0E       		.byte	14
 787 02f6 C8       		.byte	-56
 788 02f7 14       		.byte	20
 789 02f8 C9       		.byte	-55
 790 02f9 FF       		.byte	-1
 791 02fa CA       		.byte	-54
 792 02fb FF       		.byte	-1
 793 02fc CB       		.byte	-53
 794 02fd FF       		.byte	-1
 795 02fe CC       		.byte	-52
 796 02ff 62       		.byte	98
 797 0300 CD       		.byte	-51
 798 0301 A0       		.byte	-96
ARM GAS  C:\Users\karam\AppData\Local\Temp\ccAtBz8c.s 			page 15


 799 0302 CE       		.byte	-50
 800 0303 F0       		.byte	-16
 801 0304 CF       		.byte	-49
 802 0305 41       		.byte	65
 803 0306 D0       		.byte	-48
 804 0307 0C       		.byte	12
 805 0308 D8       		.byte	-40
 806 0309 04       		.byte	4
 807 030a D9       		.byte	-39
 808 030b 04       		.byte	4
 809 030c DA       		.byte	-38
 810 030d 04       		.byte	4
 811 030e DC       		.byte	-36
 812 030f 11       		.byte	17
 813 0310 DD       		.byte	-35
 814 0311 01       		.byte	1
 815 0312 DF       		.byte	-33
 816 0313 01       		.byte	1
 817 0314 E6       		.byte	-26
 818 0315 40       		.byte	64
 819 0316 E7       		.byte	-25
 820 0317 02       		.byte	2
 821 0318 E9       		.byte	-23
 822 0319 10       		.byte	16
 823 031a EA       		.byte	-22
 824 031b 30       		.byte	48
 825 031c EB       		.byte	-21
 826 031d 10       		.byte	16
 827 031e ED       		.byte	-19
 828 031f 10       		.byte	16
 829 0320 EE       		.byte	-18
 830 0321 10       		.byte	16
 831 0322 EF       		.byte	-17
 832 0323 12       		.byte	18
 833 0324 01       		.byte	1
 834 0325 08       		.byte	8
 835 0326 03       		.byte	3
 836 0327 51       		.byte	81
 837 0328 06       		.byte	6
 838 0329 10       		.byte	16
 839 032a 07       		.byte	7
 840 032b 21       		.byte	33
 841 032c 08       		.byte	8
 842 032d 40       		.byte	64
 843 032e 09       		.byte	9
 844 032f 29       		.byte	41
 845 0330 0B       		.byte	11
 846 0331 42       		.byte	66
 847 0332 0C       		.byte	12
 848 0333 20       		.byte	32
 849 0334 0D       		.byte	13
 850 0335 08       		.byte	8
 851 0336 10       		.byte	16
 852 0337 A0       		.byte	-96
 853 0338 13       		.byte	19
 854 0339 80       		.byte	-128
 855 033a 14       		.byte	20
ARM GAS  C:\Users\karam\AppData\Local\Temp\ccAtBz8c.s 			page 16


 856 033b 02       		.byte	2
 857 033c 16       		.byte	22
 858 033d 01       		.byte	1
 859 033e 17       		.byte	23
 860 033f 10       		.byte	16
 861 0340 19       		.byte	25
 862 0341 10       		.byte	16
 863 0342 1A       		.byte	26
 864 0343 01       		.byte	1
 865 0344 1B       		.byte	27
 866 0345 01       		.byte	1
 867 0346 1E       		.byte	30
 868 0347 84       		.byte	-124
 869 0348 20       		.byte	32
 870 0349 01       		.byte	1
 871 034a 22       		.byte	34
 872 034b 19       		.byte	25
 873 034c 26       		.byte	38
 874 034d 02       		.byte	2
 875 034e 27       		.byte	39
 876 034f 40       		.byte	64
 877 0350 28       		.byte	40
 878 0351 48       		.byte	72
 879 0352 29       		.byte	41
 880 0353 80       		.byte	-128
 881 0354 32       		.byte	50
 882 0355 14       		.byte	20
 883 0356 33       		.byte	51
 884 0357 42       		.byte	66
 885 0358 39       		.byte	57
 886 0359 14       		.byte	20
 887 035a 3B       		.byte	59
 888 035b 40       		.byte	64
 889 035c 40       		.byte	64
 890 035d 0D       		.byte	13
 891 035e 41       		.byte	65
 892 035f 21       		.byte	33
 893 0360 42       		.byte	66
 894 0361 10       		.byte	16
 895 0362 43       		.byte	67
 896 0363 02       		.byte	2
 897 0364 4A       		.byte	74
 898 0365 02       		.byte	2
 899 0366 50       		.byte	80
 900 0367 88       		.byte	-120
 901 0368 5C       		.byte	92
 902 0369 02       		.byte	2
 903 036a 5E       		.byte	94
 904 036b 84       		.byte	-124
 905 036c 5F       		.byte	95
 906 036d 20       		.byte	32
 907 036e 8E       		.byte	-114
 908 036f 10       		.byte	16
 909 0370 8F       		.byte	-113
 910 0371 80       		.byte	-128
 911 0372 90       		.byte	-112
 912 0373 04       		.byte	4
ARM GAS  C:\Users\karam\AppData\Local\Temp\ccAtBz8c.s 			page 17


 913 0374 91       		.byte	-111
 914 0375 16       		.byte	22
 915 0376 92       		.byte	-110
 916 0377 08       		.byte	8
 917 0378 93       		.byte	-109
 918 0379 02       		.byte	2
 919 037a 96       		.byte	-106
 920 037b 20       		.byte	32
 921 037c 97       		.byte	-105
 922 037d 80       		.byte	-128
 923 037e 9B       		.byte	-101
 924 037f 80       		.byte	-128
 925 0380 A1       		.byte	-95
 926 0381 01       		.byte	1
 927 0382 A6       		.byte	-90
 928 0383 0A       		.byte	10
 929 0384 C0       		.byte	-64
 930 0385 AD       		.byte	-83
 931 0386 C2       		.byte	-62
 932 0387 6F       		.byte	111
 933 0388 C4       		.byte	-60
 934 0389 CD       		.byte	-51
 935 038a CA       		.byte	-54
 936 038b 0D       		.byte	13
 937 038c CC       		.byte	-52
 938 038d 0F       		.byte	15
 939 038e CE       		.byte	-50
 940 038f 0E       		.byte	14
 941 0390 D0       		.byte	-48
 942 0391 0F       		.byte	15
 943 0392 D2       		.byte	-46
 944 0393 08       		.byte	8
 945 0394 D6       		.byte	-42
 946 0395 F0       		.byte	-16
 947 0396 04       		.byte	4
 948 0397 0C       		.byte	12
 949 0398 06       		.byte	6
 950 0399 03       		.byte	3
 951 039a 0C       		.byte	12
 952 039b 01       		.byte	1
 953 039c 0E       		.byte	14
 954 039d 06       		.byte	6
 955 039e 13       		.byte	19
 956 039f 02       		.byte	2
 957 03a0 14       		.byte	20
 958 03a1 01       		.byte	1
 959 03a2 16       		.byte	22
 960 03a3 0E       		.byte	14
 961 03a4 17       		.byte	23
 962 03a5 03       		.byte	3
 963 03a6 1A       		.byte	26
 964 03a7 0C       		.byte	12
 965 03a8 1B       		.byte	27
 966 03a9 01       		.byte	1
 967 03aa 1E       		.byte	30
 968 03ab 10       		.byte	16
 969 03ac 1F       		.byte	31
ARM GAS  C:\Users\karam\AppData\Local\Temp\ccAtBz8c.s 			page 18


 970 03ad 05       		.byte	5
 971 03ae 22       		.byte	34
 972 03af 08       		.byte	8
 973 03b0 25       		.byte	37
 974 03b1 06       		.byte	6
 975 03b2 26       		.byte	38
 976 03b3 03       		.byte	3
 977 03b4 27       		.byte	39
 978 03b5 01       		.byte	1
 979 03b6 2A       		.byte	42
 980 03b7 10       		.byte	16
 981 03b8 2B       		.byte	43
 982 03b9 06       		.byte	6
 983 03ba 32       		.byte	50
 984 03bb 0F       		.byte	15
 985 03bc 33       		.byte	51
 986 03bd 07       		.byte	7
 987 03be 34       		.byte	52
 988 03bf 10       		.byte	16
 989 03c0 3A       		.byte	58
 990 03c1 08       		.byte	8
 991 03c2 3B       		.byte	59
 992 03c3 08       		.byte	8
 993 03c4 3E       		.byte	62
 994 03c5 10       		.byte	16
 995 03c6 40       		.byte	64
 996 03c7 06       		.byte	6
 997 03c8 45       		.byte	69
 998 03c9 40       		.byte	64
 999 03ca 49       		.byte	73
 1000 03cb FF       		.byte	-1
 1001 03cc 4A       		.byte	74
 1002 03cd 07       		.byte	7
 1003 03ce 4B       		.byte	75
 1004 03cf FF       		.byte	-1
 1005 03d0 4C       		.byte	76
 1006 03d1 40       		.byte	64
 1007 03d2 4D       		.byte	77
 1008 03d3 20       		.byte	32
 1009 03d4 4E       		.byte	78
 1010 03d5 F0       		.byte	-16
 1011 03d6 4F       		.byte	79
 1012 03d7 05       		.byte	5
 1013 03d8 50       		.byte	80
 1014 03d9 08       		.byte	8
 1015 03da 54       		.byte	84
 1016 03db 18       		.byte	24
 1017 03dc 56       		.byte	86
 1018 03dd 04       		.byte	4
 1019 03de 58       		.byte	88
 1020 03df 04       		.byte	4
 1021 03e0 59       		.byte	89
 1022 03e1 04       		.byte	4
 1023 03e2 5A       		.byte	90
 1024 03e3 04       		.byte	4
 1025 03e4 5B       		.byte	91
 1026 03e5 04       		.byte	4
ARM GAS  C:\Users\karam\AppData\Local\Temp\ccAtBz8c.s 			page 19


 1027 03e6 5C       		.byte	92
 1028 03e7 11       		.byte	17
 1029 03e8 5D       		.byte	93
 1030 03e9 11       		.byte	17
 1031 03ea 5F       		.byte	95
 1032 03eb 01       		.byte	1
 1033 03ec 60       		.byte	96
 1034 03ed 40       		.byte	64
 1035 03ee 61       		.byte	97
 1036 03ef A8       		.byte	-88
 1037 03f0 62       		.byte	98
 1038 03f1 40       		.byte	64
 1039 03f2 63       		.byte	99
 1040 03f3 20       		.byte	32
 1041 03f4 80       		.byte	-128
 1042 03f5 10       		.byte	16
 1043 03f6 84       		.byte	-124
 1044 03f7 1C       		.byte	28
 1045 03f8 86       		.byte	-122
 1046 03f9 22       		.byte	34
 1047 03fa 88       		.byte	-120
 1048 03fb 40       		.byte	64
 1049 03fc 89       		.byte	-119
 1050 03fd 03       		.byte	3
 1051 03fe 8B       		.byte	-117
 1052 03ff 04       		.byte	4
 1053 0400 8C       		.byte	-116
 1054 0401 30       		.byte	48
 1055 0402 8E       		.byte	-114
 1056 0403 0C       		.byte	12
 1057 0404 91       		.byte	-111
 1058 0405 03       		.byte	3
 1059 0406 93       		.byte	-109
 1060 0407 0C       		.byte	12
 1061 0408 94       		.byte	-108
 1062 0409 2C       		.byte	44
 1063 040a 95       		.byte	-107
 1064 040b 0A       		.byte	10
 1065 040c 96       		.byte	-106
 1066 040d 11       		.byte	17
 1067 040e 97       		.byte	-105
 1068 040f 04       		.byte	4
 1069 0410 98       		.byte	-104
 1070 0411 14       		.byte	20
 1071 0412 99       		.byte	-103
 1072 0413 03       		.byte	3
 1073 0414 9B       		.byte	-101
 1074 0415 04       		.byte	4
 1075 0416 9E       		.byte	-98
 1076 0417 03       		.byte	3
 1077 0418 A7       		.byte	-89
 1078 0419 05       		.byte	5
 1079 041a A8       		.byte	-88
 1080 041b 09       		.byte	9
 1081 041c AA       		.byte	-86
 1082 041d 10       		.byte	16
 1083 041e AB       		.byte	-85
ARM GAS  C:\Users\karam\AppData\Local\Temp\ccAtBz8c.s 			page 20


 1084 041f 08       		.byte	8
 1085 0420 B2       		.byte	-78
 1086 0421 60       		.byte	96
 1087 0422 B6       		.byte	-74
 1088 0423 1F       		.byte	31
 1089 0424 B7       		.byte	-73
 1090 0425 0F       		.byte	15
 1091 0426 B8       		.byte	-72
 1092 0427 08       		.byte	8
 1093 0428 BB       		.byte	-69
 1094 0429 80       		.byte	-128
 1095 042a C0       		.byte	-64
 1096 042b 42       		.byte	66
 1097 042c C1       		.byte	-63
 1098 042d 03       		.byte	3
 1099 042e C5       		.byte	-59
 1100 042f 0B       		.byte	11
 1101 0430 C6       		.byte	-58
 1102 0431 C0       		.byte	-64
 1103 0432 C7       		.byte	-57
 1104 0433 E0       		.byte	-32
 1105 0434 C8       		.byte	-56
 1106 0435 29       		.byte	41
 1107 0436 C9       		.byte	-55
 1108 0437 FF       		.byte	-1
 1109 0438 CA       		.byte	-54
 1110 0439 FF       		.byte	-1
 1111 043a CB       		.byte	-53
 1112 043b FF       		.byte	-1
 1113 043c CE       		.byte	-50
 1114 043d F0       		.byte	-16
 1115 043e CF       		.byte	-49
 1116 043f 44       		.byte	68
 1117 0440 D0       		.byte	-48
 1118 0441 0C       		.byte	12
 1119 0442 D8       		.byte	-40
 1120 0443 04       		.byte	4
 1121 0444 D9       		.byte	-39
 1122 0445 04       		.byte	4
 1123 0446 DA       		.byte	-38
 1124 0447 04       		.byte	4
 1125 0448 DC       		.byte	-36
 1126 0449 11       		.byte	17
 1127 044a DD       		.byte	-35
 1128 044b 01       		.byte	1
 1129 044c DF       		.byte	-33
 1130 044d 01       		.byte	1
 1131 044e E6       		.byte	-26
 1132 044f C0       		.byte	-64
 1133 0450 EA       		.byte	-22
 1134 0451 40       		.byte	64
 1135 0452 EB       		.byte	-21
 1136 0453 02       		.byte	2
 1137 0454 01       		.byte	1
 1138 0455 08       		.byte	8
 1139 0456 03       		.byte	3
 1140 0457 01       		.byte	1
ARM GAS  C:\Users\karam\AppData\Local\Temp\ccAtBz8c.s 			page 21


 1141 0458 05       		.byte	5
 1142 0459 09       		.byte	9
 1143 045a 06       		.byte	6
 1144 045b 08       		.byte	8
 1145 045c 07       		.byte	7
 1146 045d 01       		.byte	1
 1147 045e 09       		.byte	9
 1148 045f 08       		.byte	8
 1149 0460 0A       		.byte	10
 1150 0461 01       		.byte	1
 1151 0462 0B       		.byte	11
 1152 0463 08       		.byte	8
 1153 0464 0D       		.byte	13
 1154 0465 08       		.byte	8
 1155 0466 0E       		.byte	14
 1156 0467 02       		.byte	2
 1157 0468 0F       		.byte	15
 1158 0469 08       		.byte	8
 1159 046a 10       		.byte	16
 1160 046b A8       		.byte	-88
 1161 046c 14       		.byte	20
 1162 046d 04       		.byte	4
 1163 046e 18       		.byte	24
 1164 046f 04       		.byte	4
 1165 0470 19       		.byte	25
 1166 0471 08       		.byte	8
 1167 0472 1E       		.byte	30
 1168 0473 02       		.byte	2
 1169 0474 1F       		.byte	31
 1170 0475 0C       		.byte	12
 1171 0476 21       		.byte	33
 1172 0477 08       		.byte	8
 1173 0478 23       		.byte	35
 1174 0479 20       		.byte	32
 1175 047a 26       		.byte	38
 1176 047b 80       		.byte	-128
 1177 047c 27       		.byte	39
 1178 047d 01       		.byte	1
 1179 047e 28       		.byte	40
 1180 047f 04       		.byte	4
 1181 0480 29       		.byte	41
 1182 0481 08       		.byte	8
 1183 0482 2B       		.byte	43
 1184 0483 08       		.byte	8
 1185 0484 2C       		.byte	44
 1186 0485 20       		.byte	32
 1187 0486 2E       		.byte	46
 1188 0487 08       		.byte	8
 1189 0488 2F       		.byte	47
 1190 0489 08       		.byte	8
 1191 048a 30       		.byte	48
 1192 048b 20       		.byte	32
 1193 048c 31       		.byte	49
 1194 048d 09       		.byte	9
 1195 048e 32       		.byte	50
 1196 048f 80       		.byte	-128
 1197 0490 35       		.byte	53
ARM GAS  C:\Users\karam\AppData\Local\Temp\ccAtBz8c.s 			page 22


 1198 0491 08       		.byte	8
 1199 0492 37       		.byte	55
 1200 0493 21       		.byte	33
 1201 0494 3F       		.byte	63
 1202 0495 20       		.byte	32
 1203 0496 45       		.byte	69
 1204 0497 08       		.byte	8
 1205 0498 46       		.byte	70
 1206 0499 08       		.byte	8
 1207 049a 47       		.byte	71
 1208 049b 01       		.byte	1
 1209 049c 48       		.byte	72
 1210 049d A0       		.byte	-96
 1211 049e 49       		.byte	73
 1212 049f 11       		.byte	17
 1213 04a0 4F       		.byte	79
 1214 04a1 08       		.byte	8
 1215 04a2 56       		.byte	86
 1216 04a3 11       		.byte	17
 1217 04a4 57       		.byte	87
 1218 04a5 10       		.byte	16
 1219 04a6 5A       		.byte	90
 1220 04a7 02       		.byte	2
 1221 04a8 60       		.byte	96
 1222 04a9 04       		.byte	4
 1223 04aa 63       		.byte	99
 1224 04ab 42       		.byte	66
 1225 04ac 87       		.byte	-121
 1226 04ad 40       		.byte	64
 1227 04ae 92       		.byte	-110
 1228 04af 03       		.byte	3
 1229 04b0 99       		.byte	-103
 1230 04b1 10       		.byte	16
 1231 04b2 9D       		.byte	-99
 1232 04b3 08       		.byte	8
 1233 04b4 9E       		.byte	-98
 1234 04b5 11       		.byte	17
 1235 04b6 9F       		.byte	-97
 1236 04b7 01       		.byte	1
 1237 04b8 A0       		.byte	-96
 1238 04b9 08       		.byte	8
 1239 04ba A3       		.byte	-93
 1240 04bb 01       		.byte	1
 1241 04bc A4       		.byte	-92
 1242 04bd 20       		.byte	32
 1243 04be A5       		.byte	-91
 1244 04bf 08       		.byte	8
 1245 04c0 A6       		.byte	-90
 1246 04c1 01       		.byte	1
 1247 04c2 AA       		.byte	-86
 1248 04c3 01       		.byte	1
 1249 04c4 B1       		.byte	-79
 1250 04c5 80       		.byte	-128
 1251 04c6 B3       		.byte	-77
 1252 04c7 40       		.byte	64
 1253 04c8 C0       		.byte	-64
 1254 04c9 F5       		.byte	-11
ARM GAS  C:\Users\karam\AppData\Local\Temp\ccAtBz8c.s 			page 23


 1255 04ca C2       		.byte	-62
 1256 04cb E7       		.byte	-25
 1257 04cc C4       		.byte	-60
 1258 04cd 4E       		.byte	78
 1259 04ce CA       		.byte	-54
 1260 04cf 66       		.byte	102
 1261 04d0 CC       		.byte	-52
 1262 04d1 EF       		.byte	-17
 1263 04d2 CE       		.byte	-50
 1264 04d3 20       		.byte	32
 1265 04d4 D0       		.byte	-48
 1266 04d5 E0       		.byte	-32
 1267 04d6 D2       		.byte	-46
 1268 04d7 04       		.byte	4
 1269 04d8 D6       		.byte	-42
 1270 04d9 01       		.byte	1
 1271 04da D8       		.byte	-40
 1272 04db 0D       		.byte	13
 1273 04dc E8       		.byte	-24
 1274 04dd 40       		.byte	64
 1275 04de 32       		.byte	50
 1276 04df 20       		.byte	32
 1277 04e0 CC       		.byte	-52
 1278 04e1 10       		.byte	16
 1279 04e2 A6       		.byte	-90
 1280 04e3 20       		.byte	32
 1281 04e4 5B       		.byte	91
 1282 04e5 02       		.byte	2
 1283 04e6 87       		.byte	-121
 1284 04e7 01       		.byte	1
 1285 04e8 9B       		.byte	-101
 1286 04e9 02       		.byte	2
 1287 04ea A6       		.byte	-90
 1288 04eb 20       		.byte	32
 1289 04ec AB       		.byte	-85
 1290 04ed 02       		.byte	2
 1291 04ee D6       		.byte	-42
 1292 04ef 40       		.byte	64
 1293 04f0 E0       		.byte	-32
 1294 04f1 40       		.byte	64
 1295 04f2 EE       		.byte	-18
 1296 04f3 80       		.byte	-128
 1297 04f4 9F       		.byte	-97
 1298 04f5 01       		.byte	1
 1299 04f6 A6       		.byte	-90
 1300 04f7 20       		.byte	32
 1301 04f8 7C       		.byte	124
 1302 04f9 20       		.byte	32
 1303 04fa DE       		.byte	-34
 1304 04fb 01       		.byte	1
 1305 04fc 9C       		.byte	-100
 1306 04fd 20       		.byte	32
 1307 04fe 45       		.byte	69
 1308 04ff 08       		.byte	8
 1309 0500 85       		.byte	-123
 1310 0501 08       		.byte	8
 1311 0502 B0       		.byte	-80
ARM GAS  C:\Users\karam\AppData\Local\Temp\ccAtBz8c.s 			page 24


 1312 0503 20       		.byte	32
 1313 0504 D0       		.byte	-48
 1314 0505 01       		.byte	1
 1315 0506 E8       		.byte	-24
 1316 0507 01       		.byte	1
 1317 0508 27       		.byte	39
 1318 0509 01       		.byte	1
 1319 050a 50       		.byte	80
 1320 050b 01       		.byte	1
 1321 050c 52       		.byte	82
 1322 050d 08       		.byte	8
 1323 050e 80       		.byte	-128
 1324 050f 01       		.byte	1
 1325 0510 9F       		.byte	-97
 1326 0511 01       		.byte	1
 1327 0512 A6       		.byte	-90
 1328 0513 20       		.byte	32
 1329 0514 C8       		.byte	-56
 1330 0515 20       		.byte	32
 1331 0516 D4       		.byte	-44
 1332 0517 A0       		.byte	-96
 1333 0518 E6       		.byte	-26
 1334 0519 20       		.byte	32
 1335 051a 86       		.byte	-122
 1336 051b 20       		.byte	32
 1337 051c A6       		.byte	-90
 1338 051d 20       		.byte	32
 1339 051e AA       		.byte	-86
 1340 051f 08       		.byte	8
 1341 0520 E6       		.byte	-26
 1342 0521 40       		.byte	64
 1343 0522 EA       		.byte	-22
 1344 0523 20       		.byte	32
 1345 0524 0C       		.byte	12
 1346 0525 04       		.byte	4
 1347 0526 53       		.byte	83
 1348 0527 01       		.byte	1
 1349 0528 C2       		.byte	-62
 1350 0529 04       		.byte	4
 1351 052a D4       		.byte	-44
 1352 052b 01       		.byte	1
 1353 052c B0       		.byte	-80
 1354 052d 04       		.byte	4
 1355 052e B7       		.byte	-73
 1356 052f 01       		.byte	1
 1357 0530 E8       		.byte	-24
 1358 0531 02       		.byte	2
 1359 0532 EE       		.byte	-18
 1360 0533 01       		.byte	1
 1361 0534 00       		.byte	0
 1362 0535 02       		.byte	2
 1363 0536 0C       		.byte	12
 1364 0537 02       		.byte	2
 1365 0538 10       		.byte	16
 1366 0539 06       		.byte	6
 1367 053a 1A       		.byte	26
 1368 053b 04       		.byte	4
ARM GAS  C:\Users\karam\AppData\Local\Temp\ccAtBz8c.s 			page 25


 1369 053c 1C       		.byte	28
 1370 053d 02       		.byte	2
 1371 053e 00       		.byte	0
 1372 053f 03       		.byte	3
 1373 0540 00       		.byte	0
 1374 0541 63       		.byte	99
 1375 0542 63       		.byte	99
 1376 0543 00       		.byte	0
 1377 0544 00       		.byte	0
 1378 0545 00       		.byte	0
 1379 0546 80       		.byte	-128
 1380 0547 00       		.byte	0
 1381 0548 3C       		.byte	60
 1382 0549 00       		.byte	0
 1383 054a 00       		.byte	0
 1384 054b 00       		.byte	0
 1385 054c 00       		.byte	0
 1386 054d 00       		.byte	0
 1387 054e 00       		.byte	0
 1388 054f 00       		.byte	0
 1389 0550 09       		.byte	9
 1390 0551 00       		.byte	0
 1391 0552 00       		.byte	0
 1392 0553 0B       		.byte	11
 1393 0554 0A       		.byte	10
 1394 0555 00       		.byte	0
 1395 0556 0A       		.byte	10
 1396 0557 00       		.byte	0
 1397 0558 20       		.byte	32
 1398 0559 00       		.byte	0
 1399 055a 00       		.byte	0
 1400 055b 00       		.byte	0
 1401 055c 20       		.byte	32
 1402 055d 0F       		.byte	15
 1403 055e 0F       		.byte	15
 1404 055f 00       		.byte	0
 1405 0560 04       		.byte	4
 1406 0561 00       		.byte	0
 1407 0562 00       		.byte	0
 1408 0563 00       		.byte	0
 1409 0564 00       		.byte	0
 1410 0565 7F       		.byte	127
 1411 0566 7F       		.byte	127
 1412 0567 00       		.byte	0
 1413 0568 00       		.byte	0
 1414 0569 00       		.byte	0
 1415 056a 80       		.byte	-128
 1416 056b 00       		.byte	0
 1417 056c E0       		.byte	-32
 1418 056d 00       		.byte	0
 1419 056e 00       		.byte	0
 1420 056f E0       		.byte	-32
 1421 0570 1B       		.byte	27
 1422 0571 00       		.byte	0
 1423 0572 00       		.byte	0
 1424 0573 00       		.byte	0
 1425 0574 00       		.byte	0
ARM GAS  C:\Users\karam\AppData\Local\Temp\ccAtBz8c.s 			page 26


 1426 0575 00       		.byte	0
 1427 0576 00       		.byte	0
 1428 0577 00       		.byte	0
 1429 0578 BB       		.byte	-69
 1430 0579 00       		.byte	0
 1431 057a 18       		.byte	24
 1432 057b 01       		.byte	1
 1433              		.section	.cywolatch,"a",%progbits
 1434              		.align	2
 1435              		.type	cy_meta_wonvl, %object
 1436              		.size	cy_meta_wonvl, 4
 1437              	cy_meta_wonvl:
 1438 0000 BC       		.byte	-68
 1439 0001 90       		.byte	-112
 1440 0002 AC       		.byte	-84
 1441 0003 AF       		.byte	-81
 1442              		.section	.cycustnvl,"a",%progbits
 1443              		.align	2
 1444              		.type	cy_meta_custnvl, %object
 1445              		.size	cy_meta_custnvl, 4
 1446              	cy_meta_custnvl:
 1447 0000 00       		.byte	0
 1448 0001 00       		.byte	0
 1449 0002 40       		.byte	64
 1450 0003 05       		.byte	5
 1451              		.section	.cymeta,"a",%progbits
 1452              		.align	2
 1453              		.type	cy_metadata, %object
 1454              		.size	cy_metadata, 12
 1455              	cy_metadata:
 1456 0000 00       		.byte	0
 1457 0001 01       		.byte	1
 1458 0002 2E       		.byte	46
 1459 0003 16       		.byte	22
 1460 0004 10       		.byte	16
 1461 0005 69       		.byte	105
 1462 0006 00       		.byte	0
 1463 0007 01       		.byte	1
 1464 0008 00       		.byte	0
 1465 0009 00       		.byte	0
 1466 000a 00       		.byte	0
 1467 000b 00       		.byte	0
 1468              		.section	.cyflashprotect,"a",%progbits
 1469              		.align	2
 1470              		.type	cy_meta_flashprotect, %object
 1471              		.size	cy_meta_flashprotect, 256
 1472              	cy_meta_flashprotect:
 1473 0000 00000000 		.space	256
 1473      00000000 
 1473      00000000 
 1473      00000000 
 1473      00000000 
 1474              		.text
 1475              	.Letext0:
 1476              		.file 1 "c:\\program files (x86)\\cypress\\psoc creator\\4.3\\psoc creator\\import\\gnu\\arm\\5.4.
 1477              		.file 2 "c:\\program files (x86)\\cypress\\psoc creator\\4.3\\psoc creator\\import\\gnu\\arm\\5.4.
 1478              		.file 3 "Generated_Source\\PSoC5\\cymetadata.c"
ARM GAS  C:\Users\karam\AppData\Local\Temp\ccAtBz8c.s 			page 27


 1479              		.section	.debug_info,"",%progbits
 1480              	.Ldebug_info0:
 1481 0000 32010000 		.4byte	0x132
 1482 0004 0400     		.2byte	0x4
 1483 0006 00000000 		.4byte	.Ldebug_abbrev0
 1484 000a 04       		.byte	0x4
 1485 000b 01       		.uleb128 0x1
 1486 000c 24000000 		.4byte	.LASF17
 1487 0010 0C       		.byte	0xc
 1488 0011 C5010000 		.4byte	.LASF18
 1489 0015 5F010000 		.4byte	.LASF19
 1490 0019 00000000 		.4byte	.Ldebug_line0
 1491 001d 02       		.uleb128 0x2
 1492 001e 01       		.byte	0x1
 1493 001f 06       		.byte	0x6
 1494 0020 B9010000 		.4byte	.LASF0
 1495 0024 03       		.uleb128 0x3
 1496 0025 00000000 		.4byte	.LASF9
 1497 0029 01       		.byte	0x1
 1498 002a 1D       		.byte	0x1d
 1499 002b 2F000000 		.4byte	0x2f
 1500 002f 02       		.uleb128 0x2
 1501 0030 01       		.byte	0x1
 1502 0031 08       		.byte	0x8
 1503 0032 16000000 		.4byte	.LASF1
 1504 0036 02       		.uleb128 0x2
 1505 0037 02       		.byte	0x2
 1506 0038 05       		.byte	0x5
 1507 0039 A6010000 		.4byte	.LASF2
 1508 003d 02       		.uleb128 0x2
 1509 003e 02       		.byte	0x2
 1510 003f 07       		.byte	0x7
 1511 0040 C4000000 		.4byte	.LASF3
 1512 0044 02       		.uleb128 0x2
 1513 0045 04       		.byte	0x4
 1514 0046 05       		.byte	0x5
 1515 0047 B0010000 		.4byte	.LASF4
 1516 004b 02       		.uleb128 0x2
 1517 004c 04       		.byte	0x4
 1518 004d 07       		.byte	0x7
 1519 004e B2000000 		.4byte	.LASF5
 1520 0052 02       		.uleb128 0x2
 1521 0053 08       		.byte	0x8
 1522 0054 05       		.byte	0x5
 1523 0055 51010000 		.4byte	.LASF6
 1524 0059 02       		.uleb128 0x2
 1525 005a 08       		.byte	0x8
 1526 005b 07       		.byte	0x7
 1527 005c 06010000 		.4byte	.LASF7
 1528 0060 04       		.uleb128 0x4
 1529 0061 04       		.byte	0x4
 1530 0062 05       		.byte	0x5
 1531 0063 696E7400 		.ascii	"int\000"
 1532 0067 02       		.uleb128 0x2
 1533 0068 04       		.byte	0x4
 1534 0069 07       		.byte	0x7
 1535 006a F9000000 		.4byte	.LASF8
ARM GAS  C:\Users\karam\AppData\Local\Temp\ccAtBz8c.s 			page 28


 1536 006e 03       		.uleb128 0x3
 1537 006f 1D010000 		.4byte	.LASF10
 1538 0073 02       		.byte	0x2
 1539 0074 18       		.byte	0x18
 1540 0075 24000000 		.4byte	0x24
 1541 0079 05       		.uleb128 0x5
 1542 007a 91000000 		.4byte	0x91
 1543 007e 8A000000 		.4byte	0x8a
 1544 0082 06       		.uleb128 0x6
 1545 0083 8A000000 		.4byte	0x8a
 1546 0087 7B05     		.2byte	0x57b
 1547 0089 00       		.byte	0
 1548 008a 02       		.uleb128 0x2
 1549 008b 04       		.byte	0x4
 1550 008c 07       		.byte	0x7
 1551 008d 48010000 		.4byte	.LASF11
 1552 0091 07       		.uleb128 0x7
 1553 0092 6E000000 		.4byte	0x6e
 1554 0096 08       		.uleb128 0x8
 1555 0097 E7000000 		.4byte	.LASF12
 1556 009b 03       		.byte	0x3
 1557 009c 1F       		.byte	0x1f
 1558 009d A7000000 		.4byte	0xa7
 1559 00a1 05       		.uleb128 0x5
 1560 00a2 03       		.byte	0x3
 1561 00a3 00000000 		.4byte	cy_meta_configecc
 1562 00a7 07       		.uleb128 0x7
 1563 00a8 79000000 		.4byte	0x79
 1564 00ac 05       		.uleb128 0x5
 1565 00ad 91000000 		.4byte	0x91
 1566 00b1 BC000000 		.4byte	0xbc
 1567 00b5 09       		.uleb128 0x9
 1568 00b6 8A000000 		.4byte	0x8a
 1569 00ba 03       		.byte	0x3
 1570 00bb 00       		.byte	0
 1571 00bc 08       		.uleb128 0x8
 1572 00bd D7000000 		.4byte	.LASF13
 1573 00c1 03       		.byte	0x3
 1574 00c2 DC       		.byte	0xdc
 1575 00c3 CD000000 		.4byte	0xcd
 1576 00c7 05       		.uleb128 0x5
 1577 00c8 03       		.byte	0x3
 1578 00c9 00000000 		.4byte	cy_meta_custnvl
 1579 00cd 07       		.uleb128 0x7
 1580 00ce AC000000 		.4byte	0xac
 1581 00d2 08       		.uleb128 0x8
 1582 00d3 3A010000 		.4byte	.LASF14
 1583 00d7 03       		.byte	0x3
 1584 00d8 EA       		.byte	0xea
 1585 00d9 E3000000 		.4byte	0xe3
 1586 00dd 05       		.uleb128 0x5
 1587 00de 03       		.byte	0x3
 1588 00df 00000000 		.4byte	cy_meta_wonvl
 1589 00e3 07       		.uleb128 0x7
 1590 00e4 AC000000 		.4byte	0xac
 1591 00e8 05       		.uleb128 0x5
 1592 00e9 91000000 		.4byte	0x91
ARM GAS  C:\Users\karam\AppData\Local\Temp\ccAtBz8c.s 			page 29


 1593 00ed F8000000 		.4byte	0xf8
 1594 00f1 09       		.uleb128 0x9
 1595 00f2 8A000000 		.4byte	0x8a
 1596 00f6 FF       		.byte	0xff
 1597 00f7 00       		.byte	0
 1598 00f8 08       		.uleb128 0x8
 1599 00f9 25010000 		.4byte	.LASF15
 1600 00fd 03       		.byte	0x3
 1601 00fe F8       		.byte	0xf8
 1602 00ff 09010000 		.4byte	0x109
 1603 0103 05       		.uleb128 0x5
 1604 0104 03       		.byte	0x3
 1605 0105 00000000 		.4byte	cy_meta_flashprotect
 1606 0109 07       		.uleb128 0x7
 1607 010a E8000000 		.4byte	0xe8
 1608 010e 05       		.uleb128 0x5
 1609 010f 91000000 		.4byte	0x91
 1610 0113 1E010000 		.4byte	0x11e
 1611 0117 09       		.uleb128 0x9
 1612 0118 8A000000 		.4byte	0x8a
 1613 011c 0B       		.byte	0xb
 1614 011d 00       		.byte	0
 1615 011e 0A       		.uleb128 0xa
 1616 011f 0A000000 		.4byte	.LASF16
 1617 0123 03       		.byte	0x3
 1618 0124 2501     		.2byte	0x125
 1619 0126 30010000 		.4byte	0x130
 1620 012a 05       		.uleb128 0x5
 1621 012b 03       		.byte	0x3
 1622 012c 00000000 		.4byte	cy_metadata
 1623 0130 07       		.uleb128 0x7
 1624 0131 0E010000 		.4byte	0x10e
 1625 0135 00       		.byte	0
 1626              		.section	.debug_abbrev,"",%progbits
 1627              	.Ldebug_abbrev0:
 1628 0000 01       		.uleb128 0x1
 1629 0001 11       		.uleb128 0x11
 1630 0002 01       		.byte	0x1
 1631 0003 25       		.uleb128 0x25
 1632 0004 0E       		.uleb128 0xe
 1633 0005 13       		.uleb128 0x13
 1634 0006 0B       		.uleb128 0xb
 1635 0007 03       		.uleb128 0x3
 1636 0008 0E       		.uleb128 0xe
 1637 0009 1B       		.uleb128 0x1b
 1638 000a 0E       		.uleb128 0xe
 1639 000b 10       		.uleb128 0x10
 1640 000c 17       		.uleb128 0x17
 1641 000d 00       		.byte	0
 1642 000e 00       		.byte	0
 1643 000f 02       		.uleb128 0x2
 1644 0010 24       		.uleb128 0x24
 1645 0011 00       		.byte	0
 1646 0012 0B       		.uleb128 0xb
 1647 0013 0B       		.uleb128 0xb
 1648 0014 3E       		.uleb128 0x3e
 1649 0015 0B       		.uleb128 0xb
ARM GAS  C:\Users\karam\AppData\Local\Temp\ccAtBz8c.s 			page 30


 1650 0016 03       		.uleb128 0x3
 1651 0017 0E       		.uleb128 0xe
 1652 0018 00       		.byte	0
 1653 0019 00       		.byte	0
 1654 001a 03       		.uleb128 0x3
 1655 001b 16       		.uleb128 0x16
 1656 001c 00       		.byte	0
 1657 001d 03       		.uleb128 0x3
 1658 001e 0E       		.uleb128 0xe
 1659 001f 3A       		.uleb128 0x3a
 1660 0020 0B       		.uleb128 0xb
 1661 0021 3B       		.uleb128 0x3b
 1662 0022 0B       		.uleb128 0xb
 1663 0023 49       		.uleb128 0x49
 1664 0024 13       		.uleb128 0x13
 1665 0025 00       		.byte	0
 1666 0026 00       		.byte	0
 1667 0027 04       		.uleb128 0x4
 1668 0028 24       		.uleb128 0x24
 1669 0029 00       		.byte	0
 1670 002a 0B       		.uleb128 0xb
 1671 002b 0B       		.uleb128 0xb
 1672 002c 3E       		.uleb128 0x3e
 1673 002d 0B       		.uleb128 0xb
 1674 002e 03       		.uleb128 0x3
 1675 002f 08       		.uleb128 0x8
 1676 0030 00       		.byte	0
 1677 0031 00       		.byte	0
 1678 0032 05       		.uleb128 0x5
 1679 0033 01       		.uleb128 0x1
 1680 0034 01       		.byte	0x1
 1681 0035 49       		.uleb128 0x49
 1682 0036 13       		.uleb128 0x13
 1683 0037 01       		.uleb128 0x1
 1684 0038 13       		.uleb128 0x13
 1685 0039 00       		.byte	0
 1686 003a 00       		.byte	0
 1687 003b 06       		.uleb128 0x6
 1688 003c 21       		.uleb128 0x21
 1689 003d 00       		.byte	0
 1690 003e 49       		.uleb128 0x49
 1691 003f 13       		.uleb128 0x13
 1692 0040 2F       		.uleb128 0x2f
 1693 0041 05       		.uleb128 0x5
 1694 0042 00       		.byte	0
 1695 0043 00       		.byte	0
 1696 0044 07       		.uleb128 0x7
 1697 0045 26       		.uleb128 0x26
 1698 0046 00       		.byte	0
 1699 0047 49       		.uleb128 0x49
 1700 0048 13       		.uleb128 0x13
 1701 0049 00       		.byte	0
 1702 004a 00       		.byte	0
 1703 004b 08       		.uleb128 0x8
 1704 004c 34       		.uleb128 0x34
 1705 004d 00       		.byte	0
 1706 004e 03       		.uleb128 0x3
ARM GAS  C:\Users\karam\AppData\Local\Temp\ccAtBz8c.s 			page 31


 1707 004f 0E       		.uleb128 0xe
 1708 0050 3A       		.uleb128 0x3a
 1709 0051 0B       		.uleb128 0xb
 1710 0052 3B       		.uleb128 0x3b
 1711 0053 0B       		.uleb128 0xb
 1712 0054 49       		.uleb128 0x49
 1713 0055 13       		.uleb128 0x13
 1714 0056 3F       		.uleb128 0x3f
 1715 0057 19       		.uleb128 0x19
 1716 0058 02       		.uleb128 0x2
 1717 0059 18       		.uleb128 0x18
 1718 005a 00       		.byte	0
 1719 005b 00       		.byte	0
 1720 005c 09       		.uleb128 0x9
 1721 005d 21       		.uleb128 0x21
 1722 005e 00       		.byte	0
 1723 005f 49       		.uleb128 0x49
 1724 0060 13       		.uleb128 0x13
 1725 0061 2F       		.uleb128 0x2f
 1726 0062 0B       		.uleb128 0xb
 1727 0063 00       		.byte	0
 1728 0064 00       		.byte	0
 1729 0065 0A       		.uleb128 0xa
 1730 0066 34       		.uleb128 0x34
 1731 0067 00       		.byte	0
 1732 0068 03       		.uleb128 0x3
 1733 0069 0E       		.uleb128 0xe
 1734 006a 3A       		.uleb128 0x3a
 1735 006b 0B       		.uleb128 0xb
 1736 006c 3B       		.uleb128 0x3b
 1737 006d 05       		.uleb128 0x5
 1738 006e 49       		.uleb128 0x49
 1739 006f 13       		.uleb128 0x13
 1740 0070 3F       		.uleb128 0x3f
 1741 0071 19       		.uleb128 0x19
 1742 0072 02       		.uleb128 0x2
 1743 0073 18       		.uleb128 0x18
 1744 0074 00       		.byte	0
 1745 0075 00       		.byte	0
 1746 0076 00       		.byte	0
 1747              		.section	.debug_aranges,"",%progbits
 1748 0000 14000000 		.4byte	0x14
 1749 0004 0200     		.2byte	0x2
 1750 0006 00000000 		.4byte	.Ldebug_info0
 1751 000a 04       		.byte	0x4
 1752 000b 00       		.byte	0
 1753 000c 0000     		.2byte	0
 1754 000e 0000     		.2byte	0
 1755 0010 00000000 		.4byte	0
 1756 0014 00000000 		.4byte	0
 1757              		.section	.debug_line,"",%progbits
 1758              	.Ldebug_line0:
 1759 0000 3D010000 		.section	.debug_str,"MS",%progbits,1
 1759      02003701 
 1759      00000201 
 1759      FB0E0D00 
 1759      01010101 
ARM GAS  C:\Users\karam\AppData\Local\Temp\ccAtBz8c.s 			page 32


 1760              	.LASF9:
 1761 0000 5F5F7569 		.ascii	"__uint8_t\000"
 1761      6E74385F 
 1761      7400
 1762              	.LASF16:
 1763 000a 63795F6D 		.ascii	"cy_metadata\000"
 1763      65746164 
 1763      61746100 
 1764              	.LASF1:
 1765 0016 756E7369 		.ascii	"unsigned char\000"
 1765      676E6564 
 1765      20636861 
 1765      7200
 1766              	.LASF17:
 1767 0024 474E5520 		.ascii	"GNU C11 5.4.1 20160609 (release) [ARM/embedded-5-br"
 1767      43313120 
 1767      352E342E 
 1767      31203230 
 1767      31363036 
 1768 0057 616E6368 		.ascii	"anch revision 237715] -mcpu=cortex-m3 -mthumb -g -O"
 1768      20726576 
 1768      6973696F 
 1768      6E203233 
 1768      37373135 
 1769 008a 67202D66 		.ascii	"g -ffunction-sections -ffat-lto-objects\000"
 1769      66756E63 
 1769      74696F6E 
 1769      2D736563 
 1769      74696F6E 
 1770              	.LASF5:
 1771 00b2 6C6F6E67 		.ascii	"long unsigned int\000"
 1771      20756E73 
 1771      69676E65 
 1771      6420696E 
 1771      7400
 1772              	.LASF3:
 1773 00c4 73686F72 		.ascii	"short unsigned int\000"
 1773      7420756E 
 1773      7369676E 
 1773      65642069 
 1773      6E7400
 1774              	.LASF13:
 1775 00d7 63795F6D 		.ascii	"cy_meta_custnvl\000"
 1775      6574615F 
 1775      63757374 
 1775      6E766C00 
 1776              	.LASF12:
 1777 00e7 63795F6D 		.ascii	"cy_meta_configecc\000"
 1777      6574615F 
 1777      636F6E66 
 1777      69676563 
 1777      6300
 1778              	.LASF8:
 1779 00f9 756E7369 		.ascii	"unsigned int\000"
 1779      676E6564 
 1779      20696E74 
 1779      00
ARM GAS  C:\Users\karam\AppData\Local\Temp\ccAtBz8c.s 			page 33


 1780              	.LASF7:
 1781 0106 6C6F6E67 		.ascii	"long long unsigned int\000"
 1781      206C6F6E 
 1781      6720756E 
 1781      7369676E 
 1781      65642069 
 1782              	.LASF10:
 1783 011d 75696E74 		.ascii	"uint8_t\000"
 1783      385F7400 
 1784              	.LASF15:
 1785 0125 63795F6D 		.ascii	"cy_meta_flashprotect\000"
 1785      6574615F 
 1785      666C6173 
 1785      6870726F 
 1785      74656374 
 1786              	.LASF14:
 1787 013a 63795F6D 		.ascii	"cy_meta_wonvl\000"
 1787      6574615F 
 1787      776F6E76 
 1787      6C00
 1788              	.LASF11:
 1789 0148 73697A65 		.ascii	"sizetype\000"
 1789      74797065 
 1789      00
 1790              	.LASF6:
 1791 0151 6C6F6E67 		.ascii	"long long int\000"
 1791      206C6F6E 
 1791      6720696E 
 1791      7400
 1792              	.LASF19:
 1793 015f 433A5C55 		.ascii	"C:\\Users\\karam\\OneDrive\\Documents\\PSoC Creator"
 1793      73657273 
 1793      5C6B6172 
 1793      616D5C4F 
 1793      6E654472 
 1794 018d 5C576F72 		.ascii	"\\Workspace01\\Lab_1.cydsn\000"
 1794      6B737061 
 1794      63653031 
 1794      5C4C6162 
 1794      5F312E63 
 1795              	.LASF2:
 1796 01a6 73686F72 		.ascii	"short int\000"
 1796      7420696E 
 1796      7400
 1797              	.LASF4:
 1798 01b0 6C6F6E67 		.ascii	"long int\000"
 1798      20696E74 
 1798      00
 1799              	.LASF0:
 1800 01b9 7369676E 		.ascii	"signed char\000"
 1800      65642063 
 1800      68617200 
 1801              	.LASF18:
 1802 01c5 47656E65 		.ascii	"Generated_Source\\PSoC5\\cymetadata.c\000"
 1802      72617465 
 1802      645F536F 
 1802      75726365 
ARM GAS  C:\Users\karam\AppData\Local\Temp\ccAtBz8c.s 			page 34


 1802      5C50536F 
 1803              		.ident	"GCC: (GNU Tools for ARM Embedded Processors) 5.4.1 20160609 (release) [ARM/embedded-5-bran
